[debug] [2022-11-24T02:03:28.348Z] ----------------------------------------------------------------------
[debug] [2022-11-24T02:03:28.349Z] Command:       /usr/local/bin/node /usr/local/bin/firebase deploy
[debug] [2022-11-24T02:03:28.349Z] CLI Version:   11.16.1
[debug] [2022-11-24T02:03:28.350Z] Platform:      darwin
[debug] [2022-11-24T02:03:28.350Z] Node Version:  v18.10.0
[debug] [2022-11-24T02:03:28.350Z] Time:          Wed Nov 23 2022 18:03:28 GMT-0800 (Pacific Standard Time)
[debug] [2022-11-24T02:03:28.350Z] ----------------------------------------------------------------------
[debug] 
[debug] [2022-11-24T02:03:28.398Z] > command requires scopes: ["email","openid","https://www.googleapis.com/auth/cloudplatformprojects.readonly","https://www.googleapis.com/auth/firebase","https://www.googleapis.com/auth/cloud-platform"]
[debug] [2022-11-24T02:03:28.399Z] > authorizing via signed-in user (travondragon09@gmail.com)
[debug] [2022-11-24T02:03:28.399Z] [iam] checking project group-ab7-info340au22 for permissions ["firebase.projects.get","firebasehosting.sites.update"]
[debug] [2022-11-24T02:03:28.400Z] >>> [apiv2][query] POST https://cloudresourcemanager.googleapis.com/v1/projects/group-ab7-info340au22:testIamPermissions [none]
[debug] [2022-11-24T02:03:28.400Z] >>> [apiv2][(partial)header] POST https://cloudresourcemanager.googleapis.com/v1/projects/group-ab7-info340au22:testIamPermissions x-goog-quota-user=projects/group-ab7-info340au22
[debug] [2022-11-24T02:03:28.400Z] >>> [apiv2][body] POST https://cloudresourcemanager.googleapis.com/v1/projects/group-ab7-info340au22:testIamPermissions {"permissions":["firebase.projects.get","firebasehosting.sites.update"]}
[debug] [2022-11-24T02:03:28.770Z] <<< [apiv2][status] POST https://cloudresourcemanager.googleapis.com/v1/projects/group-ab7-info340au22:testIamPermissions 200
[debug] [2022-11-24T02:03:28.770Z] <<< [apiv2][body] POST https://cloudresourcemanager.googleapis.com/v1/projects/group-ab7-info340au22:testIamPermissions {}
[debug] [2022-11-24T02:03:28.771Z] [iam] error while checking permissions, command may fail: FirebaseError: Authorization failed. This account is missing the following required permissions on project group-ab7-info340au22:

  firebase.projects.get
  firebasehosting.sites.update
[debug] [2022-11-24T02:03:28.772Z] >>> [apiv2][query] GET https://firebase.googleapis.com/v1beta1/projects/group-ab7-info340au22 [none]
[debug] [2022-11-24T02:03:29.066Z] <<< [apiv2][status] GET https://firebase.googleapis.com/v1beta1/projects/group-ab7-info340au22 403
[debug] [2022-11-24T02:03:29.066Z] <<< [apiv2][body] GET https://firebase.googleapis.com/v1beta1/projects/group-ab7-info340au22 {"error":{"code":403,"message":"The caller does not have permission","status":"PERMISSION_DENIED"}}
[debug] [2022-11-24T02:03:29.067Z] HTTP Error: 403, The caller does not have permission
[debug] [2022-11-24T02:03:29.161Z] FirebaseError: HTTP Error: 403, The caller does not have permission
    at responseToError (/usr/local/lib/node_modules/firebase-tools/lib/responseToError.js:49:12)
    at RetryOperation._fn (/usr/local/lib/node_modules/firebase-tools/lib/apiv2.js:288:77)
    at process.processTicksAndRejections (node:internal/process/task_queues:95:5)
[error] 
[error] Error: Failed to get Firebase project group-ab7-info340au22. Please make sure the project exists and your account has permission to access it.
